# JRE version: OpenJDK Runtime Environment (8.0_152-b02) (build 1.8.0_152-release-1024-b02)
# Java VM: OpenJDK 64-Bit Server VM (25.152-b02 mixed mode windows-amd64 compressed oops)
Heap:
 PSYoungGen      total 25600K, used 17989K [0x00000000e0000000, 0x00000000e1e00000, 0x0000000100000000)
  eden space 20480K, 78% used [0x00000000e0000000,0x00000000e0fc73a0,0x00000000e1400000)
  from space 5120K, 35% used [0x00000000e1900000,0x00000000e1aca078,0x00000000e1e00000)
  to   space 5120K, 0% used [0x00000000e1400000,0x00000000e1400000,0x00000000e1900000)
 ParOldGen       total 33280K, used 9652K [0x00000000a0000000, 0x00000000a2080000, 0x00000000e0000000)
  object space 33280K, 29% used [0x00000000a0000000,0x00000000a096d028,0x00000000a2080000)
 Metaspace       used 25676K, capacity 26150K, committed 26240K, reserved 1071104K
  class space    used 3493K, capacity 3656K, committed 3712K, reserved 1048576K
GC Heap History (10 events):
Event: 35.376 GC heap before
{Heap before GC invocations=9 (full 0):
 PSYoungGen      total 19968K, used 18356K [0x00000000e0000000, 0x00000000e1800000, 0x0000000100000000)
  eden space 15360K, 98% used [0x00000000e0000000,0x00000000e0ed5250,0x00000000e0f00000)
  from space 4608K, 68% used [0x00000000e1380000,0x00000000e1698020,0x00000000e1800000)
  to   space 4608K, 0% used [0x00000000e0f00000,0x00000000e0f00000,0x00000000e1380000)
 ParOldGen       total 39936K, used 7349K [0x00000000a0000000, 0x00000000a2700000, 0x00000000e0000000)
  object space 39936K, 18% used [0x00000000a0000000,0x00000000a072d4d8,0x00000000a2700000)
 Metaspace       used 18674K, capacity 19152K, committed 19328K, reserved 1064960K
  class space    used 2680K, capacity 2846K, committed 2944K, reserved 1048576K
Event: 35.400 GC heap after
Heap after GC invocations=9 (full 0):
 PSYoungGen      total 19968K, used 3819K [0x00000000e0000000, 0x00000000e1900000, 0x0000000100000000)
  eden space 15360K, 0% used [0x00000000e0000000,0x00000000e0000000,0x00000000e0f00000)
  from space 4608K, 82% used [0x00000000e0f00000,0x00000000e12baf20,0x00000000e1380000)
  to   space 5120K, 0% used [0x00000000e1400000,0x00000000e1400000,0x00000000e1900000)
 ParOldGen       total 39936K, used 8175K [0x00000000a0000000, 0x00000000a2700000, 0x00000000e0000000)
  object space 39936K, 20% used [0x00000000a0000000,0x00000000a07fbd40,0x00000000a2700000)
 Metaspace       used 18674K, capacity 19152K, committed 19328K, reserved 1064960K
  class space    used 2680K, capacity 2846K, committed 2944K, reserved 1048576K
}
Event: 37.577 GC heap before
{Heap before GC invocations=10 (full 0):
 PSYoungGen      total 19968K, used 9480K [0x00000000e0000000, 0x00000000e1900000, 0x0000000100000000)
  eden space 15360K, 36% used [0x00000000e0000000,0x00000000e0587280,0x00000000e0f00000)
  from space 4608K, 82% used [0x00000000e0f00000,0x00000000e12baf20,0x00000000e1380000)
  to   space 5120K, 0% used [0x00000000e1400000,0x00000000e1400000,0x00000000e1900000)
 ParOldGen       total 39936K, used 8175K [0x00000000a0000000, 0x00000000a2700000, 0x00000000e0000000)
  object space 39936K, 20% used [0x00000000a0000000,0x00000000a07fbd40,0x00000000a2700000)
 Metaspace       used 20855K, capacity 21232K, committed 21248K, reserved 1067008K
  class space    used 2907K, capacity 3070K, committed 3072K, reserved 1048576K
Event: 37.596 GC heap after
Heap after GC invocations=10 (full 0):
 PSYoungGen      total 20480K, used 2269K [0x00000000e0000000, 0x00000000e1900000, 0x0000000100000000)
  eden space 15360K, 0% used [0x00000000e0000000,0x00000000e0000000,0x00000000e0f00000)
  from space 5120K, 44% used [0x00000000e1400000,0x00000000e1637470,0x00000000e1900000)
  to   space 5120K, 0% used [0x00000000e0f00000,0x00000000e0f00000,0x00000000e1400000)
 ParOldGen       total 39936K, used 9294K [0x00000000a0000000, 0x00000000a2700000, 0x00000000e0000000)
  object space 39936K, 23% used [0x00000000a0000000,0x00000000a0913a60,0x00000000a2700000)
 Metaspace       used 20855K, capacity 21232K, committed 21248K, reserved 1067008K
  class space    used 2907K, capacity 3070K, committed 3072K, reserved 1048576K
}
Event: 37.596 GC heap before
{Heap before GC invocations=11 (full 1):
 PSYoungGen      total 20480K, used 2269K [0x00000000e0000000, 0x00000000e1900000, 0x0000000100000000)
  eden space 15360K, 0% used [0x00000000e0000000,0x00000000e0000000,0x00000000e0f00000)
  from space 5120K, 44% used [0x00000000e1400000,0x00000000e1637470,0x00000000e1900000)
  to   space 5120K, 0% used [0x00000000e0f00000,0x00000000e0f00000,0x00000000e1400000)
 ParOldGen       total 39936K, used 9294K [0x00000000a0000000, 0x00000000a2700000, 0x00000000e0000000)
  object space 39936K, 23% used [0x00000000a0000000,0x00000000a0913a60,0x00000000a2700000)
 Metaspace       used 20855K, capacity 21232K, committed 21248K, reserved 1067008K
  class space    used 2907K, capacity 3070K, committed 3072K, reserved 1048576K
Event: 37.879 GC heap after
Heap after GC invocations=11 (full 1):
 PSYoungGen      total 20480K, used 0K [0x00000000e0000000, 0x00000000e1900000, 0x0000000100000000)
  eden space 15360K, 0% used [0x00000000e0000000,0x00000000e0000000,0x00000000e0f00000)
  from space 5120K, 0% used [0x00000000e1400000,0x00000000e1400000,0x00000000e1900000)
  to   space 5120K, 0% used [0x00000000e0f00000,0x00000000e0f00000,0x00000000e1400000)
 ParOldGen       total 33280K, used 8431K [0x00000000a0000000, 0x00000000a2080000, 0x00000000e0000000)
  object space 33280K, 25% used [0x00000000a0000000,0x00000000a083bfa8,0x00000000a2080000)
 Metaspace       used 20855K, capacity 21232K, committed 21248K, reserved 1067008K
  class space    used 2907K, capacity 3070K, committed 3072K, reserved 1048576K
}
Event: 40.713 GC heap before
{Heap before GC invocations=12 (full 1):
 PSYoungGen      total 20480K, used 15360K [0x00000000e0000000, 0x00000000e1900000, 0x0000000100000000)
  eden space 15360K, 100% used [0x00000000e0000000,0x00000000e0f00000,0x00000000e0f00000)
  from space 5120K, 0% used [0x00000000e1400000,0x00000000e1400000,0x00000000e1900000)
  to   space 5120K, 0% used [0x00000000e0f00000,0x00000000e0f00000,0x00000000e1400000)
 ParOldGen       total 33280K, used 8431K [0x00000000a0000000, 0x00000000a2080000, 0x00000000e0000000)
  object space 33280K, 25% used [0x00000000a0000000,0x00000000a083bfa8,0x00000000a2080000)
 Metaspace       used 22610K, capacity 23048K, committed 23296K, reserved 1069056K
  class space    used 3067K, capacity 3203K, committed 3328K, reserved 1048576K
Event: 40.725 GC heap after
Heap after GC invocations=12 (full 1):
 PSYoungGen      total 20480K, used 2035K [0x00000000e0000000, 0x00000000e1e00000, 0x0000000100000000)
  eden space 15360K, 0% used [0x00000000e0000000,0x00000000e0000000,0x00000000e0f00000)
  from space 5120K, 39% used [0x00000000e0f00000,0x00000000e10fce40,0x00000000e1400000)
  to   space 5120K, 0% used [0x00000000e1900000,0x00000000e1900000,0x00000000e1e00000)
 ParOldGen       total 33280K, used 8439K [0x00000000a0000000, 0x00000000a2080000, 0x00000000e0000000)
  object space 33280K, 25% used [0x00000000a0000000,0x00000000a083dfa8,0x00000000a2080000)
 Metaspace       used 22610K, capacity 23048K, committed 23296K, reserved 1069056K
  class space    used 3067K, capacity 3203K, committed 3328K, reserved 1048576K
}
Event: 42.259 GC heap before
{Heap before GC invocations=13 (full 1):
 PSYoungGen      total 20480K, used 17395K [0x00000000e0000000, 0x00000000e1e00000, 0x0000000100000000)
  eden space 15360K, 100% used [0x00000000e0000000,0x00000000e0f00000,0x00000000e0f00000)
  from space 5120K, 39% used [0x00000000e0f00000,0x00000000e10fce40,0x00000000e1400000)
  to   space 5120K, 0% used [0x00000000e1900000,0x00000000e1900000,0x00000000e1e00000)
 ParOldGen       total 33280K, used 8439K [0x00000000a0000000, 0x00000000a2080000, 0x00000000e0000000)
  object space 33280K, 25% used [0x00000000a0000000,0x00000000a083dfa8,0x00000000a2080000)
 Metaspace       used 23999K, capacity 24384K, committed 24448K, reserved 1071104K
  class space    used 3287K, capacity 3431K, committed 3456K, reserved 1048576K
Event: 42.276 GC heap after
Heap after GC invocations=13 (full 1):
 PSYoungGen      total 25600K, used 1832K [0x00000000e0000000, 0x00000000e1e00000, 0x0000000100000000)
  eden space 20480K, 0% used [0x00000000e0000000,0x00000000e0000000,0x00000000e1400000)
  from space 5120K, 35% used [0x00000000e1900000,0x00000000e1aca078,0x00000000e1e00000)
  to   space 5120K, 0% used [0x00000000e1400000,0x00000000e1400000,0x00000000e1900000)
 ParOldGen       total 33280K, used 9652K [0x00000000a0000000, 0x00000000a2080000, 0x00000000e0000000)
  object space 33280K, 29% used [0x00000000a0000000,0x00000000a096d028,0x00000000a2080000)
 Metaspace       used 23999K, capacity 24384K, committed 24448K, reserved 1071104K
  class space    used 3287K, capacity 3431K, committed 3456K, reserved 1048576K
}

