# JRE version: OpenJDK Runtime Environment (8.0_152-b02) (build 1.8.0_152-release-1024-b02)
# Java VM: OpenJDK 64-Bit Server VM (25.152-b02 mixed mode windows-amd64 compressed oops)
Heap:
 PSYoungGen      total 35328K, used 9437K [0x00000000e0000000, 0x00000000e2700000, 0x0000000100000000)
  eden space 30720K, 18% used [0x00000000e0000000,0x00000000e05752f0,0x00000000e1e00000)
  from space 4608K, 83% used [0x00000000e2280000,0x00000000e2642178,0x00000000e2700000)
  to   space 4608K, 0% used [0x00000000e1e00000,0x00000000e1e00000,0x00000000e2280000)
 ParOldGen       total 39936K, used 5968K [0x00000000a0000000, 0x00000000a2700000, 0x00000000e0000000)
  object space 39936K, 14% used [0x00000000a0000000,0x00000000a05d42d8,0x00000000a2700000)
 Metaspace       used 14397K, capacity 14710K, committed 14976K, reserved 1062912K
  class space    used 2012K, capacity 2123K, committed 2176K, reserved 1048576K
GC Heap History (10 events):
Event: 7.562 GC heap before
{Heap before GC invocations=2 (full 0):
 PSYoungGen      total 17408K, used 17383K [0x00000000e0000000, 0x00000000e1300000, 0x0000000100000000)
  eden space 15360K, 100% used [0x00000000e0000000,0x00000000e0f00000,0x00000000e0f00000)
  from space 2048K, 98% used [0x00000000e0f00000,0x00000000e10f9fd0,0x00000000e1100000)
  to   space 2048K, 0% used [0x00000000e1100000,0x00000000e1100000,0x00000000e1300000)
 ParOldGen       total 39936K, used 596K [0x00000000a0000000, 0x00000000a2700000, 0x00000000e0000000)
  object space 39936K, 1% used [0x00000000a0000000,0x00000000a00951e0,0x00000000a2700000)
 Metaspace       used 6596K, capacity 6766K, committed 7040K, reserved 1056768K
  class space    used 804K, capacity 875K, committed 896K, reserved 1048576K
Event: 7.584 GC heap after
Heap after GC invocations=2 (full 0):
 PSYoungGen      total 17408K, used 2046K [0x00000000e0000000, 0x00000000e1300000, 0x0000000100000000)
  eden space 15360K, 0% used [0x00000000e0000000,0x00000000e0000000,0x00000000e0f00000)
  from space 2048K, 99% used [0x00000000e1100000,0x00000000e12ff850,0x00000000e1300000)
  to   space 2048K, 0% used [0x00000000e0f00000,0x00000000e0f00000,0x00000000e1100000)
 ParOldGen       total 39936K, used 1207K [0x00000000a0000000, 0x00000000a2700000, 0x00000000e0000000)
  object space 39936K, 3% used [0x00000000a0000000,0x00000000a012df08,0x00000000a2700000)
 Metaspace       used 6596K, capacity 6766K, committed 7040K, reserved 1056768K
  class space    used 804K, capacity 875K, committed 896K, reserved 1048576K
}
Event: 9.220 GC heap before
{Heap before GC invocations=3 (full 0):
 PSYoungGen      total 17408K, used 17406K [0x00000000e0000000, 0x00000000e1300000, 0x0000000100000000)
  eden space 15360K, 100% used [0x00000000e0000000,0x00000000e0f00000,0x00000000e0f00000)
  from space 2048K, 99% used [0x00000000e1100000,0x00000000e12ff850,0x00000000e1300000)
  to   space 2048K, 0% used [0x00000000e0f00000,0x00000000e0f00000,0x00000000e1100000)
 ParOldGen       total 39936K, used 1207K [0x00000000a0000000, 0x00000000a2700000, 0x00000000e0000000)
  object space 39936K, 3% used [0x00000000a0000000,0x00000000a012df08,0x00000000a2700000)
 Metaspace       used 6835K, capacity 6952K, committed 7168K, reserved 1056768K
  class space    used 850K, capacity 916K, committed 1024K, reserved 1048576K
Event: 9.236 GC heap after
Heap after GC invocations=3 (full 0):
 PSYoungGen      total 17408K, used 2016K [0x00000000e0000000, 0x00000000e1300000, 0x0000000100000000)
  eden space 15360K, 0% used [0x00000000e0000000,0x00000000e0000000,0x00000000e0f00000)
  from space 2048K, 98% used [0x00000000e0f00000,0x00000000e10f8040,0x00000000e1100000)
  to   space 2048K, 0% used [0x00000000e1100000,0x00000000e1100000,0x00000000e1300000)
 ParOldGen       total 39936K, used 1823K [0x00000000a0000000, 0x00000000a2700000, 0x00000000e0000000)
  object space 39936K, 4% used [0x00000000a0000000,0x00000000a01c7c60,0x00000000a2700000)
 Metaspace       used 6835K, capacity 6952K, committed 7168K, reserved 1056768K
  class space    used 850K, capacity 916K, committed 1024K, reserved 1048576K
}
Event: 16.588 GC heap before
{Heap before GC invocations=4 (full 0):
 PSYoungGen      total 17408K, used 17376K [0x00000000e0000000, 0x00000000e1300000, 0x0000000100000000)
  eden space 15360K, 100% used [0x00000000e0000000,0x00000000e0f00000,0x00000000e0f00000)
  from space 2048K, 98% used [0x00000000e0f00000,0x00000000e10f8040,0x00000000e1100000)
  to   space 2048K, 0% used [0x00000000e1100000,0x00000000e1100000,0x00000000e1300000)
 ParOldGen       total 39936K, used 1823K [0x00000000a0000000, 0x00000000a2700000, 0x00000000e0000000)
  object space 39936K, 4% used [0x00000000a0000000,0x00000000a01c7c60,0x00000000a2700000)
 Metaspace       used 10392K, capacity 10664K, committed 10752K, reserved 1058816K
  class space    used 1363K, capacity 1486K, committed 1536K, reserved 1048576K
Event: 16.613 GC heap after
Heap after GC invocations=4 (full 0):
 PSYoungGen      total 17408K, used 2016K [0x00000000e0000000, 0x00000000e1300000, 0x0000000100000000)
  eden space 15360K, 0% used [0x00000000e0000000,0x00000000e0000000,0x00000000e0f00000)
  from space 2048K, 98% used [0x00000000e1100000,0x00000000e12f8020,0x00000000e1300000)
  to   space 2048K, 0% used [0x00000000e0f00000,0x00000000e0f00000,0x00000000e1100000)
 ParOldGen       total 39936K, used 4136K [0x00000000a0000000, 0x00000000a2700000, 0x00000000e0000000)
  object space 39936K, 10% used [0x00000000a0000000,0x00000000a040a040,0x00000000a2700000)
 Metaspace       used 10392K, capacity 10664K, committed 10752K, reserved 1058816K
  class space    used 1363K, capacity 1486K, committed 1536K, reserved 1048576K
}
Event: 20.676 GC heap before
{Heap before GC invocations=5 (full 0):
 PSYoungGen      total 17408K, used 17376K [0x00000000e0000000, 0x00000000e1300000, 0x0000000100000000)
  eden space 15360K, 100% used [0x00000000e0000000,0x00000000e0f00000,0x00000000e0f00000)
  from space 2048K, 98% used [0x00000000e1100000,0x00000000e12f8020,0x00000000e1300000)
  to   space 2048K, 0% used [0x00000000e0f00000,0x00000000e0f00000,0x00000000e1100000)
 ParOldGen       total 39936K, used 4136K [0x00000000a0000000, 0x00000000a2700000, 0x00000000e0000000)
  object space 39936K, 10% used [0x00000000a0000000,0x00000000a040a040,0x00000000a2700000)
 Metaspace       used 12540K, capacity 12978K, committed 13184K, reserved 1060864K
  class space    used 1704K, capacity 1865K, committed 1920K, reserved 1048576K
Event: 20.814 GC heap after
Heap after GC invocations=5 (full 0):
 PSYoungGen      total 17408K, used 2032K [0x00000000e0000000, 0x00000000e2700000, 0x0000000100000000)
  eden space 15360K, 0% used [0x00000000e0000000,0x00000000e0000000,0x00000000e0f00000)
  from space 2048K, 99% used [0x00000000e0f00000,0x00000000e10fc030,0x00000000e1100000)
  to   space 4608K, 0% used [0x00000000e2280000,0x00000000e2280000,0x00000000e2700000)
 ParOldGen       total 39936K, used 5968K [0x00000000a0000000, 0x00000000a2700000, 0x00000000e0000000)
  object space 39936K, 14% used [0x00000000a0000000,0x00000000a05d42d8,0x00000000a2700000)
 Metaspace       used 12540K, capacity 12978K, committed 13184K, reserved 1060864K
  class space    used 1704K, capacity 1865K, committed 1920K, reserved 1048576K
}
Event: 23.108 GC heap before
{Heap before GC invocations=6 (full 0):
 PSYoungGen      total 17408K, used 17392K [0x00000000e0000000, 0x00000000e2700000, 0x0000000100000000)
  eden space 15360K, 100% used [0x00000000e0000000,0x00000000e0f00000,0x00000000e0f00000)
  from space 2048K, 99% used [0x00000000e0f00000,0x00000000e10fc030,0x00000000e1100000)
  to   space 4608K, 0% used [0x00000000e2280000,0x00000000e2280000,0x00000000e2700000)
 ParOldGen       total 39936K, used 5968K [0x00000000a0000000, 0x00000000a2700000, 0x00000000e0000000)
  object space 39936K, 14% used [0x00000000a0000000,0x00000000a05d42d8,0x00000000a2700000)
 Metaspace       used 13870K, capacity 14198K, committed 14464K, reserved 1060864K
  class space    used 1921K, capacity 2059K, committed 2176K, reserved 1048576K
Event: 23.143 GC heap after
Heap after GC invocations=6 (full 0):
 PSYoungGen      total 35328K, used 3848K [0x00000000e0000000, 0x00000000e2700000, 0x0000000100000000)
  eden space 30720K, 0% used [0x00000000e0000000,0x00000000e0000000,0x00000000e1e00000)
  from space 4608K, 83% used [0x00000000e2280000,0x00000000e2642178,0x00000000e2700000)
  to   space 4608K, 0% used [0x00000000e1e00000,0x00000000e1e00000,0x00000000e2280000)
 ParOldGen       total 39936K, used 5968K [0x00000000a0000000, 0x00000000a2700000, 0x00000000e0000000)
  object space 39936K, 14% used [0x00000000a0000000,0x00000000a05d42d8,0x00000000a2700000)
 Metaspace       used 13870K, capacity 14198K, committed 14464K, reserved 1060864K
  class space    used 1921K, capacity 2059K, committed 2176K, reserved 1048576K
}

