# JRE version: OpenJDK Runtime Environment (8.0_152-b02) (build 1.8.0_152-release-1024-b02)
# Java VM: OpenJDK 64-Bit Server VM (25.152-b02 mixed mode windows-amd64 compressed oops)
Heap:
 PSYoungGen      total 32768K, used 8184K [0x00000000e0000000, 0x00000000e2200000, 0x0000000100000000)
  eden space 30720K, 19% used [0x00000000e0000000,0x00000000e05fe0d0,0x00000000e1e00000)
  from space 2048K, 100% used [0x00000000e1e00000,0x00000000e2000000,0x00000000e2000000)
  to   space 2048K, 0% used [0x00000000e2000000,0x00000000e2000000,0x00000000e2200000)
 ParOldGen       total 39936K, used 7612K [0x00000000a0000000, 0x00000000a2700000, 0x00000000e0000000)
  object space 39936K, 19% used [0x00000000a0000000,0x00000000a076f260,0x00000000a2700000)
 Metaspace       used 14399K, capacity 14710K, committed 14976K, reserved 1062912K
  class space    used 2010K, capacity 2123K, committed 2176K, reserved 1048576K
GC Heap History (10 events):
Event: 4.144 GC heap before
{Heap before GC invocations=1 (full 0):
 PSYoungGen      total 17408K, used 15360K [0x00000000e0000000, 0x00000000e1300000, 0x0000000100000000)
  eden space 15360K, 100% used [0x00000000e0000000,0x00000000e0f00000,0x00000000e0f00000)
  from space 2048K, 0% used [0x00000000e1100000,0x00000000e1100000,0x00000000e1300000)
  to   space 2048K, 0% used [0x00000000e0f00000,0x00000000e0f00000,0x00000000e1100000)
 ParOldGen       total 39936K, used 0K [0x00000000a0000000, 0x00000000a2700000, 0x00000000e0000000)
  object space 39936K, 0% used [0x00000000a0000000,0x00000000a0000000,0x00000000a2700000)
 Metaspace       used 5703K, capacity 5854K, committed 5888K, reserved 1056768K
  class space    used 700K, capacity 747K, committed 768K, reserved 1048576K
Event: 4.159 GC heap after
Heap after GC invocations=1 (full 0):
 PSYoungGen      total 17408K, used 2016K [0x00000000e0000000, 0x00000000e1300000, 0x0000000100000000)
  eden space 15360K, 0% used [0x00000000e0000000,0x00000000e0000000,0x00000000e0f00000)
  from space 2048K, 98% used [0x00000000e0f00000,0x00000000e10f8240,0x00000000e1100000)
  to   space 2048K, 0% used [0x00000000e1100000,0x00000000e1100000,0x00000000e1300000)
 ParOldGen       total 39936K, used 654K [0x00000000a0000000, 0x00000000a2700000, 0x00000000e0000000)
  object space 39936K, 1% used [0x00000000a0000000,0x00000000a00a39c0,0x00000000a2700000)
 Metaspace       used 5703K, capacity 5854K, committed 5888K, reserved 1056768K
  class space    used 700K, capacity 747K, committed 768K, reserved 1048576K
}
Event: 6.174 GC heap before
{Heap before GC invocations=2 (full 0):
 PSYoungGen      total 17408K, used 17376K [0x00000000e0000000, 0x00000000e1300000, 0x0000000100000000)
  eden space 15360K, 100% used [0x00000000e0000000,0x00000000e0f00000,0x00000000e0f00000)
  from space 2048K, 98% used [0x00000000e0f00000,0x00000000e10f8240,0x00000000e1100000)
  to   space 2048K, 0% used [0x00000000e1100000,0x00000000e1100000,0x00000000e1300000)
 ParOldGen       total 39936K, used 654K [0x00000000a0000000, 0x00000000a2700000, 0x00000000e0000000)
  object space 39936K, 1% used [0x00000000a0000000,0x00000000a00a39c0,0x00000000a2700000)
 Metaspace       used 6592K, capacity 6766K, committed 7040K, reserved 1056768K
  class space    used 803K, capacity 875K, committed 896K, reserved 1048576K
Event: 6.237 GC heap after
Heap after GC invocations=2 (full 0):
 PSYoungGen      total 17408K, used 2030K [0x00000000e0000000, 0x00000000e2200000, 0x0000000100000000)
  eden space 15360K, 0% used [0x00000000e0000000,0x00000000e0000000,0x00000000e0f00000)
  from space 2048K, 99% used [0x00000000e1100000,0x00000000e12fb860,0x00000000e1300000)
  to   space 2048K, 0% used [0x00000000e0f00000,0x00000000e0f00000,0x00000000e1100000)
 ParOldGen       total 39936K, used 1257K [0x00000000a0000000, 0x00000000a2700000, 0x00000000e0000000)
  object space 39936K, 3% used [0x00000000a0000000,0x00000000a013a6e8,0x00000000a2700000)
 Metaspace       used 6592K, capacity 6766K, committed 7040K, reserved 1056768K
  class space    used 803K, capacity 875K, committed 896K, reserved 1048576K
}
Event: 7.722 GC heap before
{Heap before GC invocations=3 (full 0):
 PSYoungGen      total 17408K, used 17390K [0x00000000e0000000, 0x00000000e2200000, 0x0000000100000000)
  eden space 15360K, 100% used [0x00000000e0000000,0x00000000e0f00000,0x00000000e0f00000)
  from space 2048K, 99% used [0x00000000e1100000,0x00000000e12fb860,0x00000000e1300000)
  to   space 2048K, 0% used [0x00000000e0f00000,0x00000000e0f00000,0x00000000e1100000)
 ParOldGen       total 39936K, used 1257K [0x00000000a0000000, 0x00000000a2700000, 0x00000000e0000000)
  object space 39936K, 3% used [0x00000000a0000000,0x00000000a013a6e8,0x00000000a2700000)
 Metaspace       used 6833K, capacity 6952K, committed 7168K, reserved 1056768K
  class space    used 850K, capacity 916K, committed 1024K, reserved 1048576K
Event: 7.736 GC heap after
Heap after GC invocations=3 (full 0):
 PSYoungGen      total 17408K, used 2032K [0x00000000e0000000, 0x00000000e2200000, 0x0000000100000000)
  eden space 15360K, 0% used [0x00000000e0000000,0x00000000e0000000,0x00000000e0f00000)
  from space 2048K, 99% used [0x00000000e0f00000,0x00000000e10fc010,0x00000000e1100000)
  to   space 2048K, 0% used [0x00000000e2000000,0x00000000e2000000,0x00000000e2200000)
 ParOldGen       total 39936K, used 1859K [0x00000000a0000000, 0x00000000a2700000, 0x00000000e0000000)
  object space 39936K, 4% used [0x00000000a0000000,0x00000000a01d0f78,0x00000000a2700000)
 Metaspace       used 6833K, capacity 6952K, committed 7168K, reserved 1056768K
  class space    used 850K, capacity 916K, committed 1024K, reserved 1048576K
}
Event: 12.401 GC heap before
{Heap before GC invocations=4 (full 0):
 PSYoungGen      total 17408K, used 17392K [0x00000000e0000000, 0x00000000e2200000, 0x0000000100000000)
  eden space 15360K, 100% used [0x00000000e0000000,0x00000000e0f00000,0x00000000e0f00000)
  from space 2048K, 99% used [0x00000000e0f00000,0x00000000e10fc010,0x00000000e1100000)
  to   space 2048K, 0% used [0x00000000e2000000,0x00000000e2000000,0x00000000e2200000)
 ParOldGen       total 39936K, used 1859K [0x00000000a0000000, 0x00000000a2700000, 0x00000000e0000000)
  object space 39936K, 4% used [0x00000000a0000000,0x00000000a01d0f78,0x00000000a2700000)
 Metaspace       used 10393K, capacity 10664K, committed 10752K, reserved 1058816K
  class space    used 1362K, capacity 1486K, committed 1536K, reserved 1048576K
Event: 12.425 GC heap after
Heap after GC invocations=4 (full 0):
 PSYoungGen      total 32768K, used 2032K [0x00000000e0000000, 0x00000000e2200000, 0x0000000100000000)
  eden space 30720K, 0% used [0x00000000e0000000,0x00000000e0000000,0x00000000e1e00000)
  from space 2048K, 99% used [0x00000000e2000000,0x00000000e21fc030,0x00000000e2200000)
  to   space 2048K, 0% used [0x00000000e1e00000,0x00000000e1e00000,0x00000000e2000000)
 ParOldGen       total 39936K, used 4158K [0x00000000a0000000, 0x00000000a2700000, 0x00000000e0000000)
  object space 39936K, 10% used [0x00000000a0000000,0x00000000a040f850,0x00000000a2700000)
 Metaspace       used 10393K, capacity 10664K, committed 10752K, reserved 1058816K
  class space    used 1362K, capacity 1486K, committed 1536K, reserved 1048576K
}
Event: 15.045 GC heap before
{Heap before GC invocations=5 (full 0):
 PSYoungGen      total 32768K, used 32752K [0x00000000e0000000, 0x00000000e2200000, 0x0000000100000000)
  eden space 30720K, 100% used [0x00000000e0000000,0x00000000e1e00000,0x00000000e1e00000)
  from space 2048K, 99% used [0x00000000e2000000,0x00000000e21fc030,0x00000000e2200000)
  to   space 2048K, 0% used [0x00000000e1e00000,0x00000000e1e00000,0x00000000e2000000)
 ParOldGen       total 39936K, used 4158K [0x00000000a0000000, 0x00000000a2700000, 0x00000000e0000000)
  object space 39936K, 10% used [0x00000000a0000000,0x00000000a040f850,0x00000000a2700000)
 Metaspace       used 13720K, capacity 14038K, committed 14080K, reserved 1060864K
  class space    used 1894K, capacity 2027K, committed 2048K, reserved 1048576K
Event: 15.088 GC heap after
Heap after GC invocations=5 (full 0):
 PSYoungGen      total 32768K, used 2048K [0x00000000e0000000, 0x00000000e2200000, 0x0000000100000000)
  eden space 30720K, 0% used [0x00000000e0000000,0x00000000e0000000,0x00000000e1e00000)
  from space 2048K, 100% used [0x00000000e1e00000,0x00000000e2000000,0x00000000e2000000)
  to   space 2048K, 0% used [0x00000000e2000000,0x00000000e2000000,0x00000000e2200000)
 ParOldGen       total 39936K, used 7612K [0x00000000a0000000, 0x00000000a2700000, 0x00000000e0000000)
  object space 39936K, 19% used [0x00000000a0000000,0x00000000a076f260,0x00000000a2700000)
 Metaspace       used 13720K, capacity 14038K, committed 14080K, reserved 1060864K
  class space    used 1894K, capacity 2027K, committed 2048K, reserved 1048576K
}

