# JRE version: OpenJDK Runtime Environment (8.0_152-b02) (build 1.8.0_152-release-1024-b02)
# Java VM: OpenJDK 64-Bit Server VM (25.152-b02 mixed mode windows-amd64 compressed oops)
Heap:
 PSYoungGen      total 370176K, used 316727K [0x00000000e0000000, 0x00000000f9480000, 0x0000000100000000)
  eden space 335360K, 92% used [0x00000000e0000000,0x00000000f2d66700,0x00000000f4780000)
  from space 34816K, 23% used [0x00000000f7280000,0x00000000f7a67840,0x00000000f9480000)
  to   space 39424K, 0% used [0x00000000f4780000,0x00000000f4780000,0x00000000f6e00000)
 ParOldGen       total 148992K, used 74696K [0x00000000a0000000, 0x00000000a9180000, 0x00000000e0000000)
  object space 148992K, 50% used [0x00000000a0000000,0x00000000a48f23c0,0x00000000a9180000)
 Metaspace       used 80701K, capacity 83768K, committed 84736K, reserved 1122304K
  class space    used 10148K, capacity 10757K, committed 11008K, reserved 1048576K
GC Heap History (10 events):
Event: 5094.220 GC heap before
{Heap before GC invocations=41 (full 4):
 PSYoungGen      total 287744K, used 250972K [0x00000000e0000000, 0x00000000f4600000, 0x0000000100000000)
  eden space 245760K, 99% used [0x00000000e0000000,0x00000000eeff2ca0,0x00000000ef000000)
  from space 41984K, 12% used [0x00000000f1d00000,0x00000000f22244f0,0x00000000f4600000)
  to   space 44032K, 0% used [0x00000000ef000000,0x00000000ef000000,0x00000000f1b00000)
 ParOldGen       total 134656K, used 111705K [0x00000000a0000000, 0x00000000a8380000, 0x00000000e0000000)
  object space 134656K, 82% used [0x00000000a0000000,0x00000000a6d16780,0x00000000a8380000)
 Metaspace       used 80531K, capacity 83822K, committed 83968K, reserved 1122304K
  class space    used 10223K, capacity 10882K, committed 11008K, reserved 1048576K
Event: 5094.260 GC heap after
Heap after GC invocations=41 (full 4):
 PSYoungGen      total 289792K, used 4239K [0x00000000e0000000, 0x00000000f7300000, 0x0000000100000000)
  eden space 245760K, 0% used [0x00000000e0000000,0x00000000e0000000,0x00000000ef000000)
  from space 44032K, 9% used [0x00000000ef000000,0x00000000ef423c48,0x00000000f1b00000)
  to   space 43520K, 0% used [0x00000000f4880000,0x00000000f4880000,0x00000000f7300000)
 ParOldGen       total 134656K, used 112509K [0x00000000a0000000, 0x00000000a8380000, 0x00000000e0000000)
  object space 134656K, 83% used [0x00000000a0000000,0x00000000a6ddf7b0,0x00000000a8380000)
 Metaspace       used 80531K, capacity 83822K, committed 83968K, reserved 1122304K
  class space    used 10223K, capacity 10882K, committed 11008K, reserved 1048576K
}
Event: 8027.027 GC heap before
{Heap before GC invocations=42 (full 4):
 PSYoungGen      total 289792K, used 249999K [0x00000000e0000000, 0x00000000f7300000, 0x0000000100000000)
  eden space 245760K, 100% used [0x00000000e0000000,0x00000000ef000000,0x00000000ef000000)
  from space 44032K, 9% used [0x00000000ef000000,0x00000000ef423c48,0x00000000f1b00000)
  to   space 43520K, 0% used [0x00000000f4880000,0x00000000f4880000,0x00000000f7300000)
 ParOldGen       total 134656K, used 112509K [0x00000000a0000000, 0x00000000a8380000, 0x00000000e0000000)
  object space 134656K, 83% used [0x00000000a0000000,0x00000000a6ddf7b0,0x00000000a8380000)
 Metaspace       used 80928K, capacity 84288K, committed 84480K, reserved 1122304K
  class space    used 10253K, capacity 10937K, committed 11008K, reserved 1048576K
Event: 8027.377 GC heap after
Heap after GC invocations=42 (full 4):
 PSYoungGen      total 327168K, used 5472K [0x00000000e0000000, 0x00000000f6d80000, 0x0000000100000000)
  eden space 289280K, 0% used [0x00000000e0000000,0x00000000e0000000,0x00000000f1a80000)
  from space 37888K, 14% used [0x00000000f4880000,0x00000000f4dd8020,0x00000000f6d80000)
  to   space 42496K, 0% used [0x00000000f1a80000,0x00000000f1a80000,0x00000000f4400000)
 ParOldGen       total 134656K, used 113238K [0x00000000a0000000, 0x00000000a8380000, 0x00000000e0000000)
  object space 134656K, 84% used [0x00000000a0000000,0x00000000a6e95850,0x00000000a8380000)
 Metaspace       used 80928K, capacity 84288K, committed 84480K, reserved 1122304K
  class space    used 10253K, capacity 10937K, committed 11008K, reserved 1048576K
}
Event: 8318.262 GC heap before
{Heap before GC invocations=43 (full 4):
 PSYoungGen      total 327168K, used 294752K [0x00000000e0000000, 0x00000000f6d80000, 0x0000000100000000)
  eden space 289280K, 100% used [0x00000000e0000000,0x00000000f1a80000,0x00000000f1a80000)
  from space 37888K, 14% used [0x00000000f4880000,0x00000000f4dd8020,0x00000000f6d80000)
  to   space 42496K, 0% used [0x00000000f1a80000,0x00000000f1a80000,0x00000000f4400000)
 ParOldGen       total 134656K, used 113238K [0x00000000a0000000, 0x00000000a8380000, 0x00000000e0000000)
  object space 134656K, 84% used [0x00000000a0000000,0x00000000a6e95850,0x00000000a8380000)
 Metaspace       used 81090K, capacity 84588K, committed 84736K, reserved 1122304K
  class space    used 10263K, capacity 10955K, committed 11008K, reserved 1048576K
Event: 8320.737 GC heap after
Heap after GC invocations=43 (full 4):
 PSYoungGen      total 331776K, used 18002K [0x00000000e0000000, 0x00000000f9a80000, 0x0000000100000000)
  eden space 289280K, 0% used [0x00000000e0000000,0x00000000e0000000,0x00000000f1a80000)
  from space 42496K, 42% used [0x00000000f1a80000,0x00000000f2c14978,0x00000000f4400000)
  to   space 40960K, 0% used [0x00000000f7280000,0x00000000f7280000,0x00000000f9a80000)
 ParOldGen       total 134656K, used 118105K [0x00000000a0000000, 0x00000000a8380000, 0x00000000e0000000)
  object space 134656K, 87% used [0x00000000a0000000,0x00000000a7356600,0x00000000a8380000)
 Metaspace       used 81090K, capacity 84588K, committed 84736K, reserved 1122304K
  class space    used 10263K, capacity 10955K, committed 11008K, reserved 1048576K
}
Event: 8320.762 GC heap before
{Heap before GC invocations=44 (full 5):
 PSYoungGen      total 331776K, used 18002K [0x00000000e0000000, 0x00000000f9a80000, 0x0000000100000000)
  eden space 289280K, 0% used [0x00000000e0000000,0x00000000e0000000,0x00000000f1a80000)
  from space 42496K, 42% used [0x00000000f1a80000,0x00000000f2c14978,0x00000000f4400000)
  to   space 40960K, 0% used [0x00000000f7280000,0x00000000f7280000,0x00000000f9a80000)
 ParOldGen       total 134656K, used 118105K [0x00000000a0000000, 0x00000000a8380000, 0x00000000e0000000)
  object space 134656K, 87% used [0x00000000a0000000,0x00000000a7356600,0x00000000a8380000)
 Metaspace       used 81090K, capacity 84588K, committed 84736K, reserved 1122304K
  class space    used 10263K, capacity 10955K, committed 11008K, reserved 1048576K
Event: 8363.080 GC heap after
Heap after GC invocations=44 (full 5):
 PSYoungGen      total 331776K, used 0K [0x00000000e0000000, 0x00000000f9a80000, 0x0000000100000000)
  eden space 289280K, 0% used [0x00000000e0000000,0x00000000e0000000,0x00000000f1a80000)
  from space 42496K, 0% used [0x00000000f1a80000,0x00000000f1a80000,0x00000000f4400000)
  to   space 40960K, 0% used [0x00000000f7280000,0x00000000f7280000,0x00000000f9a80000)
 ParOldGen       total 148992K, used 74688K [0x00000000a0000000, 0x00000000a9180000, 0x00000000e0000000)
  object space 148992K, 50% used [0x00000000a0000000,0x00000000a48f03c0,0x00000000a9180000)
 Metaspace       used 80231K, capacity 83090K, committed 84736K, reserved 1122304K
  class space    used 10093K, capacity 10656K, committed 11008K, reserved 1048576K
}
Event: 8450.737 GC heap before
{Heap before GC invocations=45 (full 5):
 PSYoungGen      total 331776K, used 289280K [0x00000000e0000000, 0x00000000f9a80000, 0x0000000100000000)
  eden space 289280K, 100% used [0x00000000e0000000,0x00000000f1a80000,0x00000000f1a80000)
  from space 42496K, 0% used [0x00000000f1a80000,0x00000000f1a80000,0x00000000f4400000)
  to   space 40960K, 0% used [0x00000000f7280000,0x00000000f7280000,0x00000000f9a80000)
 ParOldGen       total 148992K, used 74688K [0x00000000a0000000, 0x00000000a9180000, 0x00000000e0000000)
  object space 148992K, 50% used [0x00000000a0000000,0x00000000a48f03c0,0x00000000a9180000)
 Metaspace       used 80334K, capacity 83188K, committed 84736K, reserved 1122304K
  class space    used 10101K, capacity 10671K, committed 11008K, reserved 1048576K
Event: 8450.816 GC heap after
Heap after GC invocations=45 (full 5):
 PSYoungGen      total 370176K, used 8094K [0x00000000e0000000, 0x00000000f9480000, 0x0000000100000000)
  eden space 335360K, 0% used [0x00000000e0000000,0x00000000e0000000,0x00000000f4780000)
  from space 34816K, 23% used [0x00000000f7280000,0x00000000f7a67840,0x00000000f9480000)
  to   space 39424K, 0% used [0x00000000f4780000,0x00000000f4780000,0x00000000f6e00000)
 ParOldGen       total 148992K, used 74696K [0x00000000a0000000, 0x00000000a9180000, 0x00000000e0000000)
  object space 148992K, 50% used [0x00000000a0000000,0x00000000a48f23c0,0x00000000a9180000)
 Metaspace       used 80334K, capacity 83188K, committed 84736K, reserved 1122304K
  class space    used 10101K, capacity 10671K, committed 11008K, reserved 1048576K
}

